Traceback (most recent call last):
  File "/opt/hostedtoolcache/Python/3.8.12/x64/lib/python3.8/site-packages/jupyter_cache/executors/utils.py", line 51, in single_nb_execution
    executenb(
  File "/opt/hostedtoolcache/Python/3.8.12/x64/lib/python3.8/site-packages/nbclient/client.py", line 1093, in execute
    return NotebookClient(nb=nb, resources=resources, km=km, **kwargs).execute()
  File "/opt/hostedtoolcache/Python/3.8.12/x64/lib/python3.8/site-packages/nbclient/util.py", line 84, in wrapped
    return just_run(coro(*args, **kwargs))
  File "/opt/hostedtoolcache/Python/3.8.12/x64/lib/python3.8/site-packages/nbclient/util.py", line 62, in just_run
    return loop.run_until_complete(coro)
  File "/opt/hostedtoolcache/Python/3.8.12/x64/lib/python3.8/asyncio/base_events.py", line 616, in run_until_complete
    return future.result()
  File "/opt/hostedtoolcache/Python/3.8.12/x64/lib/python3.8/site-packages/nbclient/client.py", line 559, in async_execute
    await self.async_execute_cell(
  File "/opt/hostedtoolcache/Python/3.8.12/x64/lib/python3.8/site-packages/nbclient/client.py", line 854, in async_execute_cell
    self._check_raise_for_error(cell, exec_reply)
  File "/opt/hostedtoolcache/Python/3.8.12/x64/lib/python3.8/site-packages/nbclient/client.py", line 756, in _check_raise_for_error
    raise CellExecutionError.from_cell_and_msg(cell, exec_reply_content)
nbclient.exceptions.CellExecutionError: An error occurred while executing the following cell:
------------------
drawfunc = lambda idx, title: show_error_maps(mcgill_lls, idx = idx, truth = vfadata, title = title, showcbar = True, returnfig = True)
make_error_map_gif(drawfunc, title = "Linear least squares", filename = "./images/mcgill_lls_error.gif")
------------------

[0;31m---------------------------------------------------------------------------[0m
[0;31mNameError[0m                                 Traceback (most recent call last)
[0;32m/tmp/ipykernel_2272/1737234500.py[0m in [0;36m<module>[0;34m[0m
[1;32m      1[0m [0mdrawfunc[0m [0;34m=[0m [0;32mlambda[0m [0midx[0m[0;34m,[0m [0mtitle[0m[0;34m:[0m [0mshow_error_maps[0m[0;34m([0m[0mmcgill_lls[0m[0;34m,[0m [0midx[0m [0;34m=[0m [0midx[0m[0;34m,[0m [0mtruth[0m [0;34m=[0m [0mvfadata[0m[0;34m,[0m [0mtitle[0m [0;34m=[0m [0mtitle[0m[0;34m,[0m [0mshowcbar[0m [0;34m=[0m [0;32mTrue[0m[0;34m,[0m [0mreturnfig[0m [0;34m=[0m [0;32mTrue[0m[0;34m)[0m[0;34m[0m[0;34m[0m[0m
[0;32m----> 2[0;31m [0mmake_error_map_gif[0m[0;34m([0m[0mdrawfunc[0m[0;34m,[0m [0mtitle[0m [0;34m=[0m [0;34m"Linear least squares"[0m[0;34m,[0m [0mfilename[0m [0;34m=[0m [0;34m"./images/mcgill_lls_error.gif"[0m[0;34m)[0m[0;34m[0m[0;34m[0m[0m
[0m
[0;32m/opt/hostedtoolcache/Python/3.8.12/x64/lib/python3.8/site-packages/osipi/utils/nb.py[0m in [0;36mmake_error_map_gif[0;34m(drawfunc, filename, title)[0m
[1;32m     33[0m   [0mfigs[0m [0;34m=[0m [0;34m[[0m[0;34m][0m[0;34m[0m[0;34m[0m[0m
[1;32m     34[0m   [0;32mfor[0m [0midx[0m [0;32min[0m [0;34m[[0m[0;36m0[0m[0;34m,[0m[0;36m1[0m[0;34m,[0m[0;36m2[0m[0;34m,[0m[0;36m3[0m[0;34m,[0m[0;36m4[0m[0;34m,[0m[0;36m5[0m[0;34m][0m[0;34m:[0m[0;34m[0m[0;34m[0m[0m
[0;32m---> 35[0;31m       [0mfigs[0m[0;34m.[0m[0mappend[0m[0;34m([0m[0mdrawfunc[0m[0;34m([0m[0midx[0m [0;34m=[0m [0midx[0m[0;34m,[0m [0mtitle[0m [0;34m=[0m [0;34mf"{title} - {idx}"[0m[0;34m)[0m[0;34m)[0m[0;34m[0m[0;34m[0m[0m
[0m[1;32m     36[0m   [0mfigs2gif[0m[0;34m([0m[0mfigs[0m[0;34m,[0m [0mfilename[0m[0;34m)[0m[0;34m[0m[0;34m[0m[0m
[1;32m     37[0m   [0mplt[0m[0;34m.[0m[0mclose[0m[0;34m([0m[0;34m'all'[0m[0;34m)[0m[0;34m[0m[0;34m[0m[0m

[0;32m/tmp/ipykernel_2272/1737234500.py[0m in [0;36m<lambda>[0;34m(idx, title)[0m
[0;32m----> 1[0;31m [0mdrawfunc[0m [0;34m=[0m [0;32mlambda[0m [0midx[0m[0;34m,[0m [0mtitle[0m[0;34m:[0m [0mshow_error_maps[0m[0;34m([0m[0mmcgill_lls[0m[0;34m,[0m [0midx[0m [0;34m=[0m [0midx[0m[0;34m,[0m [0mtruth[0m [0;34m=[0m [0mvfadata[0m[0;34m,[0m [0mtitle[0m [0;34m=[0m [0mtitle[0m[0;34m,[0m [0mshowcbar[0m [0;34m=[0m [0;32mTrue[0m[0;34m,[0m [0mreturnfig[0m [0;34m=[0m [0;32mTrue[0m[0;34m)[0m[0;34m[0m[0;34m[0m[0m
[0m[1;32m      2[0m [0mmake_error_map_gif[0m[0;34m([0m[0mdrawfunc[0m[0;34m,[0m [0mtitle[0m [0;34m=[0m [0;34m"Linear least squares"[0m[0;34m,[0m [0mfilename[0m [0;34m=[0m [0;34m"./images/mcgill_lls_error.gif"[0m[0;34m)[0m[0;34m[0m[0;34m[0m[0m

[0;31mNameError[0m: name 'show_error_maps' is not defined
NameError: name 'show_error_maps' is not defined

